2026-07-13 11:33:28,830 worker INFO worker started; polling every 2.0s, reaping runs stuck >15 min
2026-07-13 18:11:35,796 worker INFO detecting run 3a08d7d3-3a8f-4ad1-a881-b76b04a90710 (sanitization)
2026-07-13 18:11:35,994 worker INFO Using device of type: cpu
2026-07-13 18:11:37,060 worker INFO nlp_engine not provided, creating default.
2026-07-13 18:11:37,700 worker INFO Created NLP engine: spacy. Loaded models: ['en']
2026-07-13 18:11:37,700 worker INFO registry not provided, creating default.
2026-07-13 18:11:37,712 worker INFO Loaded recognizer: CreditCardRecognizer
2026-07-13 18:11:37,712 worker INFO Loaded recognizer: CreditCardRecognizer
2026-07-13 18:11:37,712 worker INFO Loaded recognizer: CreditCardRecognizer
2026-07-13 18:11:37,712 worker INFO Loaded recognizer: CreditCardRecognizer
2026-07-13 18:11:37,712 worker INFO Loaded recognizer: UsBankRecognizer
2026-07-13 18:11:37,712 worker INFO Loaded recognizer: UsLicenseRecognizer
2026-07-13 18:11:37,712 worker INFO Loaded recognizer: UsItinRecognizer
2026-07-13 18:11:37,712 worker INFO Loaded recognizer: UsPassportRecognizer
2026-07-13 18:11:37,712 worker INFO Loaded recognizer: UsSsnRecognizer
2026-07-13 18:11:37,713 worker INFO Loaded recognizer: NhsRecognizer
2026-07-13 18:11:37,713 worker INFO Loaded recognizer: EsNifRecognizer
2026-07-13 18:11:37,713 worker INFO Loaded recognizer: EsNieRecognizer
2026-07-13 18:11:37,713 worker INFO Loaded recognizer: ItDriverLicenseRecognizer
2026-07-13 18:11:37,713 worker INFO Loaded recognizer: ItFiscalCodeRecognizer
2026-07-13 18:11:37,713 worker INFO Loaded recognizer: ItVatCodeRecognizer
2026-07-13 18:11:37,713 worker INFO Loaded recognizer: ItIdentityCardRecognizer
2026-07-13 18:11:37,713 worker INFO Loaded recognizer: ItPassportRecognizer
2026-07-13 18:11:37,713 worker INFO Loaded recognizer: PlPeselRecognizer
2026-07-13 18:11:37,713 worker INFO Loaded recognizer: CryptoRecognizer
2026-07-13 18:11:37,713 worker INFO Loaded recognizer: DateRecognizer
2026-07-13 18:11:37,713 worker INFO Loaded recognizer: EmailRecognizer
2026-07-13 18:11:37,713 worker INFO Loaded recognizer: IbanRecognizer
2026-07-13 18:11:37,713 worker INFO Loaded recognizer: IpRecognizer
2026-07-13 18:11:37,713 worker INFO Loaded recognizer: MedicalLicenseRecognizer
2026-07-13 18:11:37,713 worker INFO Loaded recognizer: MacAddressRecognizer
2026-07-13 18:11:37,713 worker INFO Loaded recognizer: PhoneRecognizer
2026-07-13 18:11:37,713 worker INFO Loaded recognizer: UrlRecognizer
2026-07-13 18:11:37,713 worker WARNING Recognizer not added to registry because language is not supported by registry - CreditCardRecognizer supported languages: es, registry supported languages: en
2026-07-13 18:11:37,713 worker WARNING Recognizer not added to registry because language is not supported by registry - CreditCardRecognizer supported languages: it, registry supported languages: en
2026-07-13 18:11:37,713 worker WARNING Recognizer not added to registry because language is not supported by registry - CreditCardRecognizer supported languages: pl, registry supported languages: en
2026-07-13 18:11:37,713 worker WARNING Recognizer not added to registry because language is not supported by registry - EsNifRecognizer supported languages: es, registry supported languages: en
2026-07-13 18:11:37,713 worker WARNING Recognizer not added to registry because language is not supported by registry - EsNieRecognizer supported languages: es, registry supported languages: en
2026-07-13 18:11:37,713 worker WARNING Recognizer not added to registry because language is not supported by registry - ItDriverLicenseRecognizer supported languages: it, registry supported languages: en
2026-07-13 18:11:37,713 worker WARNING Recognizer not added to registry because language is not supported by registry - ItFiscalCodeRecognizer supported languages: it, registry supported languages: en
2026-07-13 18:11:37,713 worker WARNING Recognizer not added to registry because language is not supported by registry - ItVatCodeRecognizer supported languages: it, registry supported languages: en
2026-07-13 18:11:37,713 worker WARNING Recognizer not added to registry because language is not supported by registry - ItIdentityCardRecognizer supported languages: it, registry supported languages: en
2026-07-13 18:11:37,713 worker WARNING Recognizer not added to registry because language is not supported by registry - ItPassportRecognizer supported languages: it, registry supported languages: en
2026-07-13 18:11:37,713 worker WARNING Recognizer not added to registry because language is not supported by registry - PlPeselRecognizer supported languages: pl, registry supported languages: en
2026-07-13 18:11:37,714 worker INFO Loaded recognizer: SpacyRecognizer
2026-07-13 18:11:37,714 worker INFO Fetching all recognizers for language en
2026-07-13 18:11:37,780 worker INFO Fetching all recognizers for language en
2026-07-13 18:11:37,792 worker INFO Fetching all recognizers for language en
2026-07-13 18:11:37,825 worker INFO Fetching all recognizers for language en
2026-07-13 18:11:37,853 worker INFO Fetching all recognizers for language en
2026-07-13 18:11:37,861 worker INFO Fetching all recognizers for language en
2026-07-13 18:11:37,874 worker INFO Fetching all recognizers for language en
2026-07-13 18:11:37,890 worker INFO Fetching all recognizers for language en
2026-07-13 18:11:37,921 worker INFO Fetching all recognizers for language en
2026-07-13 18:11:37,930 worker INFO Fetching all recognizers for language en
2026-07-13 18:11:37,978 worker INFO Fetching all recognizers for language en
2026-07-13 18:11:37,990 worker INFO Fetching all recognizers for language en
2026-07-13 18:11:38,012 worker INFO Fetching all recognizers for language en
2026-07-13 18:11:38,049 worker INFO Fetching all recognizers for language en
2026-07-13 18:11:38,080 worker INFO Fetching all recognizers for language en
2026-07-13 18:11:38,111 worker INFO Fetching all recognizers for language en
2026-07-13 18:11:38,121 worker INFO Fetching all recognizers for language en
2026-07-13 18:11:38,134 worker INFO Fetching all recognizers for language en
2026-07-13 18:11:38,136 worker INFO Fetching all recognizers for language en
2026-07-13 18:11:38,172 worker INFO Fetching all recognizers for language en
2026-07-13 18:11:38,176 worker INFO Fetching all recognizers for language en
2026-07-13 18:11:38,223 worker INFO Found credentials in environment variables.
/Users/kumarshivrajbhakat/Desktop/Naviknow/backend/.venv/lib/python3.14/site-packages/PIL/Image.py:1136: UserWarning: Palette images with Transparency expressed in bytes should be converted to RGBA images
  warnings.warn(
2026-07-13 18:13:21,131 worker INFO run 3a08d7d3-3a8f-4ad1-a881-b76b04a90710 -> awaiting_review
2026-07-13 18:15:41,596 worker INFO detecting run 89e32bed-d3eb-417b-ab45-311b0e191941 (tagging)
2026-07-13 18:15:44,856 worker INFO run 89e32bed-d3eb-417b-ab45-311b0e191941 -> awaiting_review
